[0718/120135.237:ERROR:scoped_process_suspend.cc(31)] NtSuspendProcess: An attempt was made to access an exiting process. (0xc000010a)
[0718/120135.518:ERROR:process_info.cc(118)] ReadProcessMemory bool __cdecl crashpad::(anonymous namespace)::ReadStruct(HANDLE, crashpad::WinVMAddress, T *) [T = crashpad::process_types::PEB<crashpad::process_types::internal::Traits64>]: Only part of a ReadProcessMemory or WriteProcessMemory request was completed. (0x12B)
[0718/120135.518:ERROR:process_info.cc(551)] ReadProcessData failed
[0718/151642.973:ERROR:process_reader_win.cc(151)] SuspendThread: Access is denied. (0x5)
[0718/151642.973:ERROR:exception_snapshot_win.cc(98)] thread ID 5812 not found in process
[0718/151851.889:ERROR:process_info.cc(329)] VirtualQueryEx: Access is denied. (0x5)
[0718/151851.889:ERROR:process_info.cc(556)] ReadMemoryInfo failed
[0718/151851.889:ERROR:process_memory_win.cc(39)] Failed to initialize ProcessInfo.
[0718/151851.889:ERROR:scoped_process_suspend.cc(40)] NtResumeProcess: An attempt was made to access an exiting process. (0xc000010a)
[0718/171932.066:ERROR:process_reader_win.cc(151)] SuspendThread: Access is denied. (0x5)
[0718/171932.066:ERROR:exception_snapshot_win.cc(98)] thread ID 6408 not found in process
[0718/220938.165:ERROR:process_reader_win.cc(151)] SuspendThread: Access is denied. (0x5)
[0718/220938.166:ERROR:exception_snapshot_win.cc(98)] thread ID 4616 not found in process
[0719/105115.110:ERROR:process_reader_win.cc(151)] SuspendThread: Access is denied. (0x5)
[0719/105115.141:ERROR:exception_snapshot_win.cc(98)] thread ID 6236 not found in process
[0719/105115.141:ERROR:scoped_process_suspend.cc(40)] NtResumeProcess: An attempt was made to access an exiting process. (0xc000010a)
[0719/105606.573:ERROR:process_reader_win.cc(151)] SuspendThread: Access is denied. (0x5)
[0719/105606.573:ERROR:exception_snapshot_win.cc(98)] thread ID 6348 not found in process
[0719/105606.573:ERROR:scoped_process_suspend.cc(40)] NtResumeProcess: An attempt was made to access an exiting process. (0xc000010a)
[0719/110123.040:ERROR:scoped_process_suspend.cc(31)] NtSuspendProcess: An attempt was made to access an exiting process. (0xc000010a)
[0719/110123.069:ERROR:process_reader_win.cc(151)] SuspendThread: Access is denied. (0x5)
[0719/110123.069:ERROR:exception_snapshot_win.cc(98)] thread ID 6712 not found in process
[0719/110334.690:ERROR:process_info.cc(329)] VirtualQueryEx: Access is denied. (0x5)
[0719/110334.692:ERROR:process_info.cc(556)] ReadMemoryInfo failed
[0719/110334.692:ERROR:process_memory_win.cc(39)] Failed to initialize ProcessInfo.
[0719/110334.692:ERROR:scoped_process_suspend.cc(40)] NtResumeProcess: An attempt was made to access an exiting process. (0xc000010a)
[0719/110857.139:ERROR:process_reader_win.cc(151)] SuspendThread: Access is denied. (0x5)
[0719/110857.140:ERROR:exception_snapshot_win.cc(98)] thread ID 748 not found in process
[0719/110857.140:ERROR:scoped_process_suspend.cc(40)] NtResumeProcess: An attempt was made to access an exiting process. (0xc000010a)
[0719/112814.485:ERROR:process_reader_win.cc(151)] SuspendThread: Access is denied. (0x5)
[0719/112814.486:ERROR:exception_snapshot_win.cc(98)] thread ID 4520 not found in process
[0719/112814.486:ERROR:scoped_process_suspend.cc(40)] NtResumeProcess: An attempt was made to access an exiting process. (0xc000010a)
[0719/144932.441:ERROR:process_info.cc(329)] VirtualQueryEx: Access is denied. (0x5)
[0719/144932.441:ERROR:process_info.cc(556)] ReadMemoryInfo failed
[0719/144932.441:ERROR:process_memory_win.cc(39)] Failed to initialize ProcessInfo.
[0719/144932.441:ERROR:scoped_process_suspend.cc(40)] NtResumeProcess: An attempt was made to access an exiting process. (0xc000010a)
[0719/145148.677:ERROR:process_reader_win.cc(151)] SuspendThread: Access is denied. (0x5)
[0719/145148.678:ERROR:exception_snapshot_win.cc(98)] thread ID 5512 not found in process
[0719/145527.129:ERROR:process_info.cc(329)] VirtualQueryEx: Access is denied. (0x5)
[0719/145527.129:ERROR:process_info.cc(556)] ReadMemoryInfo failed
[0719/145527.129:ERROR:process_memory_win.cc(39)] Failed to initialize ProcessInfo.
[0719/145527.129:ERROR:scoped_process_suspend.cc(40)] NtResumeProcess: An attempt was made to access an exiting process. (0xc000010a)
[0719/153541.837:ERROR:process_info.cc(329)] VirtualQueryEx: Access is denied. (0x5)
[0719/153541.837:ERROR:process_info.cc(556)] ReadMemoryInfo failed
[0719/153541.837:ERROR:process_memory_win.cc(39)] Failed to initialize ProcessInfo.
[0719/153541.837:ERROR:scoped_process_suspend.cc(40)] NtResumeProcess: An attempt was made to access an exiting process. (0xc000010a)
